{
  "stats": {
    "suites": 1,
    "tests": 3,
    "passes": 2,
    "pending": 1,
    "failures": 0,
    "start": "2026-09-07T22:24:06.540Z",
    "end": "2026-09-07T22:24:06.750Z",
    "duration": 210,
    "testsRegistered": 3,
    "passPercent": 100,
    "pendingPercent": 33.33333333333333,
    "other": 0,
    "hasOther": false,
    "skipped": 0,
    "hasSkipped": false
  },
  "results": [
    {
      "uuid": "967e5783-3294-452e-a2dc-deebdbe4e5a1",
      "title": "",
      "fullFile": "tests/integration/retry_spec.js",
      "file": "tests/integration/retry_spec.js",
      "beforeHooks": [],
      "afterHooks": [],
      "tests": [],
      "suites": [
        {
          "uuid": "273dc157-bc3e-4481-8c08-c188b869afb5",
          "title": "Cypress retry contract",
          "fullFile": "",
          "file": "",
          "beforeHooks": [],
          "afterHooks": [],
          "tests": [
            {
              "title": "fails once then passes",
              "fullTitle": "Cypress retry contract fails once then passes",
              "timedOut": null,
              "duration": 9,
              "state": "passed",
              "speed": "fast",
              "pass": true,
              "fail": false,
              "pending": false,
              "context": "{\n  \"title\": \"tsio-attempts-v1\",\n  \"value\": [\n    {\n      \"state\": \"failed\",\n      \"duration\": 144,\n      \"err\": {\n        \"message\": \"retry contract: expected 0 to equal 1\",\n        \"estack\": \"AssertionError: retry contract: expected 0 to equal 1\\n    at Context.eval (webpack:///./tests/integration/retry_spec.js:3:58)\"\n      },\n      \"context\": \"[{\\\"title\\\":\\\"screenshot\\\",\\\"value\\\":\\\"screenshots/retry_spec.js/Cypress retry contract -- fails once then passes (failed).png\\\"}]\"\n    },\n    {\n      \"state\": \"passed\",\n      \"duration\": 9,\n      \"err\": null,\n      \"context\": \"[]\"\n    }\n  ]\n}",
              "code": "expect(this.test.currentRetry(), 'retry contract').to.equal(1);",
              "err": {},
              "uuid": "dff9572d-3256-4c6e-ab43-5f84fd97af64",
              "parentUUID": "273dc157-bc3e-4481-8c08-c188b869afb5",
              "isHook": false,
              "skipped": false
            },
            {
              "title": "passes first try",
              "fullTitle": "Cypress retry contract passes first try",
              "timedOut": null,
              "duration": 5,
              "state": "passed",
              "speed": "fast",
              "pass": true,
              "fail": false,
              "pending": false,
              "context": "{\n  \"title\": \"tsio-attempts-v1\",\n  \"value\": [\n    {\n      \"state\": \"passed\",\n      \"duration\": 5,\n      \"err\": null,\n      \"context\": \"[]\"\n    }\n  ]\n}",
              "code": "expect(true).to.equal(true);",
              "err": {},
              "uuid": "f63353e4-7e6f-4960-928f-95ab1ff1b897",
              "parentUUID": "273dc157-bc3e-4481-8c08-c188b869afb5",
              "isHook": false,
              "skipped": false
            },
            {
              "title": "is skipped",
              "fullTitle": "Cypress retry contract is skipped",
              "timedOut": null,
              "duration": 0,
              "state": "pending",
              "speed": null,
              "pass": false,
              "fail": false,
              "pending": true,
              "context": "{\n  \"title\": \"tsio-attempts-v1\",\n  \"value\": [\n    {\n      \"state\": \"pending\",\n      \"duration\": 0,\n      \"err\": null,\n      \"context\": \"[]\"\n    }\n  ]\n}",
              "code": "",
              "err": {},
              "uuid": "95bf0821-de97-4f6b-b4db-9894285175b4",
              "parentUUID": "273dc157-bc3e-4481-8c08-c188b869afb5",
              "isHook": false,
              "skipped": false
            }
          ],
          "suites": [],
          "passes": [
            "dff9572d-3256-4c6e-ab43-5f84fd97af64",
            "f63353e4-7e6f-4960-928f-95ab1ff1b897"
          ],
          "failures": [],
          "pending": ["95bf0821-de97-4f6b-b4db-9894285175b4"],
          "skipped": [],
          "duration": 14,
          "root": false,
          "rootEmpty": false,
          "_timeout": 2000
        }
      ],
      "passes": [],
      "failures": [],
      "pending": [],
      "skipped": [],
      "duration": 0,
      "root": true,
      "rootEmpty": true,
      "_timeout": 2000
    }
  ],
  "meta": {
    "mocha": {
      "version": "7.2.0"
    },
    "mochawesome": {
      "options": {
        "quiet": true,
        "reportFilename": "json/tests/[name]",
        "saveHtml": false,
        "saveJson": true,
        "consoleReporter": "spec",
        "useInlineDiffs": false,
        "code": true
      },
      "version": "7.1.4"
    },
    "marge": {
      "options": {
        "id": "default",
        "reportDir": "results/mochawesome-report",
        "reportFilename": "json/tests/[name]",
        "quiet": true,
        "overwrite": false,
        "html": false,
        "json": true
      },
      "version": "6.3.2"
    }
  }
}
